hamersapp/manifest-merger-release-report.txt
-- Merging decision tree log ---
manifest
ADDED from AndroidManifest.xml:2:1
	package
		ADDED from AndroidManifest.xml:3:11
		INJECTED from AndroidManifest.xml:0:0
		INJECTED from AndroidManifest.xml:0:0
	android:versionName
		ADDED from AndroidManifest.xml:5:11
		INJECTED from AndroidManifest.xml:0:0
		INJECTED from AndroidManifest.xml:0:0
	android:versionCode
		ADDED from AndroidManifest.xml:4:11
		INJECTED from AndroidManifest.xml:0:0
		INJECTED from AndroidManifest.xml:0:0
	xmlns:android
		ADDED from AndroidManifest.xml:2:11
uses-sdk
ADDED from AndroidManifest.xml:6:5
MERGED from com.android.support:support-v4:21.0.3:15:5
MERGED from com.android.support:appcompat-v7:21.0.3:15:5
MERGED from com.android.support:support-v4:21.0.3:15:5
MERGED from com.google.android.gms:play-services:6.5.87:18:5
MERGED from com.android.support:support-v4:21.0.3:15:5
MERGED from com.android.support:cardview-v7:21.0.3:15:5
MERGED from com.android.support:recyclerview-v7:21.0.3:15:5
MERGED from com.android.support:support-v4:21.0.3:15:5
MERGED from com.android.support:support-v4-preferencefragment:1.0.0:15:5
MERGED from com.melnykov:floatingactionbutton:1.2.0:8:5
MERGED from com.android.support:recyclerview-v7:21.0.3:15:5
MERGED from com.android.support:support-v4:21.0.3:15:5
	android:targetSdkVersion
		ADDED from AndroidManifest.xml:7:15
		INJECTED from AndroidManifest.xml:0:0
		INJECTED from AndroidManifest.xml:0:0
	android:minSdkVersion
		ADDED from AndroidManifest.xml:6:15
		INJECTED from AndroidManifest.xml:0:0
		INJECTED from AndroidManifest.xml:0:0
uses-permission#android.permission.INTERNET
ADDED from AndroidManifest.xml:9:5
	android:name
		ADDED from AndroidManifest.xml:9:22
application
ADDED from AndroidManifest.xml:11:5
MERGED from com.android.support:support-v4:21.0.3:16:5
MERGED from com.android.support:appcompat-v7:21.0.3:16:5
MERGED from com.android.support:support-v4:21.0.3:16:5
MERGED from com.google.android.gms:play-services:6.5.87:20:5
MERGED from com.android.support:support-v4:21.0.3:16:5
MERGED from com.android.support:cardview-v7:21.0.3:16:5
MERGED from com.android.support:recyclerview-v7:21.0.3:17:5
MERGED from com.android.support:support-v4:21.0.3:16:5
MERGED from com.melnykov:floatingactionbutton:1.2.0:12:5
MERGED from com.android.support:recyclerview-v7:21.0.3:17:5
MERGED from com.android.support:support-v4:21.0.3:16:5
	android:label
		ADDED from AndroidManifest.xml:11:18
	android:icon
		ADDED from AndroidManifest.xml:12:18
	android:theme
		ADDED from AndroidManifest.xml:13:18
activity#nl.ecci.Hamers.MainActivity
ADDED from AndroidManifest.xml:14:9
	android:screenOrientation
		ADDED from AndroidManifest.xml:15:19
	android:name
		ADDED from AndroidManifest.xml:14:19
intent-filter#android.intent.action.MAIN+android.intent.action.SEARCH+android.intent.category.LAUNCHER
ADDED from AndroidManifest.xml:16:13
action#android.intent.action.MAIN
ADDED from AndroidManifest.xml:17:17
	android:name
		ADDED from AndroidManifest.xml:17:25
action#android.intent.action.SEARCH
ADDED from AndroidManifest.xml:18:17
	android:name
		ADDED from AndroidManifest.xml:18:25
category#android.intent.category.LAUNCHER
ADDED from AndroidManifest.xml:19:17
	android:name
		ADDED from AndroidManifest.xml:19:27
meta-data#android.support.PARENT_ACTIVITY
ADDED from AndroidManifest.xml:22:13
	android:value
		ADDED from AndroidManifest.xml:24:21
	android:name
		ADDED from AndroidManifest.xml:23:21
activity#nl.ecci.Hamers.Beers.NewBeerReviewActivity
ADDED from AndroidManifest.xml:26:9
	android:screenOrientation
		ADDED from AndroidManifest.xml:28:17
	android:label
		ADDED from AndroidManifest.xml:29:17
	android:parentActivityName
		ADDED from AndroidManifest.xml:27:17
	android:name
		ADDED from AndroidManifest.xml:26:19
activity#nl.ecci.Hamers.Beers.SingleBeerActivity
ADDED from AndroidManifest.xml:34:9
	android:screenOrientation
		ADDED from AndroidManifest.xml:36:19
	android:label
		ADDED from AndroidManifest.xml:37:17
	android:parentActivityName
		ADDED from AndroidManifest.xml:35:19
	android:name
		ADDED from AndroidManifest.xml:34:19
activity#nl.ecci.Hamers.Events.SingleEventActivity
ADDED from AndroidManifest.xml:43:9
	android:screenOrientation
		ADDED from AndroidManifest.xml:45:19
	android:label
		ADDED from AndroidManifest.xml:46:19
	android:parentActivityName
		ADDED from AndroidManifest.xml:44:19
	android:name
		ADDED from AndroidManifest.xml:43:19
activity#nl.ecci.Hamers.Events.NewEventActivity
ADDED from AndroidManifest.xml:52:9
	android:screenOrientation
		ADDED from AndroidManifest.xml:54:19
	android:label
		ADDED from AndroidManifest.xml:55:19
	android:parentActivityName
		ADDED from AndroidManifest.xml:53:19
	android:name
		ADDED from AndroidManifest.xml:52:19
activity#nl.ecci.Hamers.Beers.NewBeerActivity
ADDED from AndroidManifest.xml:61:9
	android:screenOrientation
		ADDED from AndroidManifest.xml:63:19
	android:label
		ADDED from AndroidManifest.xml:64:19
	android:parentActivityName
		ADDED from AndroidManifest.xml:62:19
	android:name
		ADDED from AndroidManifest.xml:61:19
meta-data#com.google.android.gms.version
ADDED from com.google.android.gms:play-services:6.5.87:21:9
	android:value
		ADDED from com.google.android.gms:play-services:6.5.87:23:13
	android:name
		ADDED from com.google.android.gms:play-services:6.5.87:22:13
activity#android.support.v7.widget.TestActivity
ADDED from com.android.support:recyclerview-v7:21.0.3:18:9
MERGED from com.android.support:recyclerview-v7:21.0.3:18:9
	android:label
		ADDED from com.android.support:recyclerview-v7:21.0.3:18:19
	android:name
		ADDED from com.android.support:recyclerview-v7:21.0.3:18:60